==== Hidden Whisper setup log (16-04-2026 22:19:29.65) ==== 
Chocolatey v2.7.1
Installing the following packages:
tor
By installing, you accept licenses for the packages.
tor v0.4.8.16 already installed.
 Use --force to reinstall, specify a version to install, or try upgrade.

Chocolatey installed 0/1 packages. 
 See the log for details (C:\ProgramData\chocolatey\logs\chocolatey.log).

Warnings:
 - tor - tor v0.4.8.16 already installed.
 Use --force to reinstall, specify a version to install, or try upgrade.
[INFO] Checking Tor SOCKS reachability on 127.0.0.1:9050.
[INFO] Tor SOCKS is already reachable.
[INFO] InspIRCd install skipped. Set INSTALL_INSPIRCD=true to try it.
[INFO] Wrote .env with blank IRC host; configure onion in the app login screen.

up to date, audited 161 packages in 565ms

32 packages are looking for funding
  run `npm fund` for details

found 0 vulnerabilities

> hidden-whisper-ui@0.0.0 build
> vite build

[36mvite v6.4.2 [32mbuilding for production...[36m[39m
transforming...
[32m✓[39m 29 modules transformed.
rendering chunks...
computing gzip size...
[2mdist/[22m[32mindex.html                 [39m[1m[2m  0.42 kB[22m[1m[22m[2m │ gzip:  0.29 kB[22m
[2mdist/[22m[35massets/index-Dexx3ZKR.css  [39m[1m[2m 15.37 kB[22m[1m[22m[2m │ gzip:  3.94 kB[22m
[2mdist/[22m[36massets/index-D0dPOmWs.js   [39m[1m[2m240.21 kB[22m[1m[22m[2m │ gzip: 72.27 kB[22m
[32m✓ built in 646ms[39m
